<?xml version="1.0" encoding="UTF-8"?>
<testsuite xmlns:xsi="http://www.w3.org/2001/XMLSchema-instance" xsi:noNamespaceSchemaLocation="https://maven.apache.org/surefire/maven-surefire-plugin/xsd/surefire-test-report.xsd" name="org.blackberry020.rest.CalculatorControllerTest" time="1.201" tests="3" errors="0" skipped="0" failures="0">
  <properties>
[...]
</properties>
  <testcase name="jsonFilesTest" classname="org.blackberry020.rest.CalculatorControllerTest" time="0.223"/>
  <testcase name="simpleRestControllerTestExample" classname="org.blackberry020.rest.CalculatorControllerTest" time="0.015"/>
  <testcase name="simpleRestControllerTest" classname="org.blackberry020.rest.CalculatorControllerTest" time="0.002"/>
</testsuite>